<?xml version="1.0" encoding="UTF-8"?>
<testsuite name="SILab2Test" tests="2" skipped="0" failures="0" errors="0" timestamp="2022-05-30T15:08:51" hostname="DESKTOP-PQFQI09" time="0.013">
  <properties/>
  <testcase name="every_statement()" classname="SILab2Test" time="0.012"/>
  <testcase name="every_branch()" classname="SILab2Test" time="0.001"/>
  <system-out><![CDATA[]]></system-out>
  <system-err><![CDATA[]]></system-err>
</testsuite>
